<?xml version="1.0" encoding="UTF-8"?>
<!-- Generated by org.testng.reporters.JUnitXMLReporter -->
<testsuite hostname="MCBHARATH-PC" ignored="0" name="Default test" tests="3" failures="0" timestamp="09 Oct 2018 06:42:52 GMT" time="4.845" errors="0">
  <testcase name="testJIRA" time="0.028" classname="org.test.rest.RESTAPITest"/>
  <testcase name="testOpenRestAPI" time="4.751" classname="org.test.rest.RESTAPITest"/>
  <testcase name="testTwitter" time="0.011" classname="org.test.rest.RESTAPITest"/>
</testsuite> <!-- Default test -->
